<?xml version="1.0" encoding="UTF-8"?>
<!-- Generated by org.testng.reporters.JUnitXMLReporter -->
<testsuite ignored="0" hostname="EN911729" failures="0" tests="6" name="Default test" time="5.138" errors="0" timestamp="2022-03-18T09:27:35 COT">
  <testcase classname="DynamicJson" name="AddBook" time="1.791"/>
  <testcase classname="DynamicJson" name="AddBook" time="0.591"/>
  <testcase classname="DynamicJson" name="AddBook" time="0.589"/>
  <testcase classname="DynamicJson" name="DeleteBook" time="0.964"/>
  <testcase classname="DynamicJson" name="DeleteBook" time="0.582"/>
  <testcase classname="DynamicJson" name="DeleteBook" time="0.575"/>
</testsuite> <!-- Default test -->
