<?xml version="1.0" encoding="UTF-8"?>
<testng-results ignored="0" total="6" passed="6" failed="0" skipped="0">
  <reporter-output>
  </reporter-output>
  <suite started-at="2022-03-18T09:27:30 COT" name="Default suite" finished-at="2022-03-18T09:27:35 COT" duration-ms="5138">
    <groups>
    </groups>
    <test started-at="2022-03-18T09:27:30 COT" name="Default test" finished-at="2022-03-18T09:27:35 COT" duration-ms="5138">
      <class name="DynamicJson">
        <test-method signature="AddBook(java.lang.String,java.lang.String)[pri:0, instance:DynamicJson@57a78e3]" started-at="2022-03-18T09:27:30 COT" name="AddBook" data-provider="BooksData" finished-at="2022-03-18T09:27:32 COT" duration-ms="1791" status="PASS">
          <params>
            <param index="0">
              <value>
                <![CDATA[r2d2]]>
              </value>
            </param>
            <param index="1">
              <value>
                <![CDATA[1970]]>
              </value>
            </param>
          </params>
          <reporter-output>
          </reporter-output>
        </test-method> <!-- AddBook -->
        <test-method signature="AddBook(java.lang.String,java.lang.String)[pri:0, instance:DynamicJson@57a78e3]" started-at="2022-03-18T09:27:32 COT" name="AddBook" data-provider="BooksData" finished-at="2022-03-18T09:27:33 COT" duration-ms="591" status="PASS">
          <params>
            <param index="0">
              <value>
                <![CDATA[cljv]]>
              </value>
            </param>
            <param index="1">
              <value>
                <![CDATA[1900]]>
              </value>
            </param>
          </params>
          <reporter-output>
          </reporter-output>
        </test-method> <!-- AddBook -->
        <test-method signature="AddBook(java.lang.String,java.lang.String)[pri:0, instance:DynamicJson@57a78e3]" started-at="2022-03-18T09:27:33 COT" name="AddBook" data-provider="BooksData" finished-at="2022-03-18T09:27:33 COT" duration-ms="589" status="PASS">
          <params>
            <param index="0">
              <value>
                <![CDATA[rzcr]]>
              </value>
            </param>
            <param index="1">
              <value>
                <![CDATA[1956]]>
              </value>
            </param>
          </params>
          <reporter-output>
          </reporter-output>
        </test-method> <!-- AddBook -->
        <test-method signature="DeleteBook(java.lang.String,java.lang.String)[pri:0, instance:DynamicJson@57a78e3]" started-at="2022-03-18T09:27:33 COT" name="DeleteBook" data-provider="BooksData" finished-at="2022-03-18T09:27:34 COT" duration-ms="964" status="PASS">
          <params>
            <param index="0">
              <value>
                <![CDATA[r2d2]]>
              </value>
            </param>
            <param index="1">
              <value>
                <![CDATA[1970]]>
              </value>
            </param>
          </params>
          <reporter-output>
          </reporter-output>
        </test-method> <!-- DeleteBook -->
        <test-method signature="DeleteBook(java.lang.String,java.lang.String)[pri:0, instance:DynamicJson@57a78e3]" started-at="2022-03-18T09:27:34 COT" name="DeleteBook" data-provider="BooksData" finished-at="2022-03-18T09:27:35 COT" duration-ms="582" status="PASS">
          <params>
            <param index="0">
              <value>
                <![CDATA[cljv]]>
              </value>
            </param>
            <param index="1">
              <value>
                <![CDATA[1900]]>
              </value>
            </param>
          </params>
          <reporter-output>
          </reporter-output>
        </test-method> <!-- DeleteBook -->
        <test-method signature="DeleteBook(java.lang.String,java.lang.String)[pri:0, instance:DynamicJson@57a78e3]" started-at="2022-03-18T09:27:35 COT" name="DeleteBook" data-provider="BooksData" finished-at="2022-03-18T09:27:35 COT" duration-ms="575" status="PASS">
          <params>
            <param index="0">
              <value>
                <![CDATA[rzcr]]>
              </value>
            </param>
            <param index="1">
              <value>
                <![CDATA[1956]]>
              </value>
            </param>
          </params>
          <reporter-output>
          </reporter-output>
        </test-method> <!-- DeleteBook -->
      </class> <!-- DynamicJson -->
    </test> <!-- Default test -->
  </suite> <!-- Default suite -->
</testng-results>
